<?xml version="1.0" encoding="UTF-8"?>
<!-- Generated by org.testng.reporters.JUnitXMLReporter -->
<testsuite ignored="0" hostname="AJJU" failures="0" tests="2" name="ChromeTest" time="6.652" errors="0" timestamp="2023-04-05T11:03:03 IST">
  <testcase classname="testNGClass.Message" name="@BeforeTest openBrowser" time="6.505">
    <failure type="org.openqa.selenium.remote.http.ConnectionFailedException" message="Unable to establish websocket connection to http://localhost:50028/devtools/browser/25b884f5-c152-4d15-ab73-746146b13c6b
Build info: version: &amp;apos;4.0.0&amp;apos;, revision: &amp;apos;3a21814679&amp;apos;
System info: host: &amp;apos;AJJU&amp;apos;, ip: &amp;apos;192.168.43.188&amp;apos;, os.name: &amp;apos;Windows 11&amp;apos;, os.arch: &amp;apos;amd64&amp;apos;, os.version: &amp;apos;10.0&amp;apos;, java.version: &amp;apos;18.0.2.1&amp;apos;
Driver info: driver.version: ChromeDriver">
      <![CDATA[org.openqa.selenium.remote.http.ConnectionFailedException: Unable to establish websocket connection to http://localhost:50028/devtools/browser/25b884f5-c152-4d15-ab73-746146b13c6b
Build info: version: '4.0.0', revision: '3a21814679'
System info: host: 'AJJU', ip: '192.168.43.188', os.name: 'Windows 11', os.arch: 'amd64', os.version: '10.0', java.version: '18.0.2.1'
Driver info: driver.version: ChromeDriver
at org.openqa.selenium.remote.http.netty.NettyWebSocket.<init>(NettyWebSocket.java:104)
at org.openqa.selenium.remote.http.netty.NettyWebSocket.lambda$create$3(NettyWebSocket.java:137)
at org.openqa.selenium.remote.http.netty.NettyClient.openSocket(NettyClient.java:127)
at org.openqa.selenium.devtools.Connection.<init>(Connection.java:77)
at org.openqa.selenium.chromium.ChromiumDriver.lambda$new$2(ChromiumDriver.java:124)
at java.base/java.util.Optional.map(Optional.java:260)
at org.openqa.selenium.chromium.ChromiumDriver.<init>(ChromiumDriver.java:122)
at org.openqa.selenium.chrome.ChromeDriver.<init>(ChromeDriver.java:104)
at org.openqa.selenium.chrome.ChromeDriver.<init>(ChromeDriver.java:91)
at org.openqa.selenium.chrome.ChromeDriver.<init>(ChromeDriver.java:46)
at browserSetUp.Base.openChromeBrowser(Base.java:10)
at testNGClass.Message.openBrowser(Message.java:53)
at java.base/java.util.concurrent.FutureTask.run(FutureTask.java:264)
at java.base/java.util.concurrent.ThreadPoolExecutor.runWorker(ThreadPoolExecutor.java:1136)
at java.base/java.util.concurrent.ThreadPoolExecutor$Worker.run(ThreadPoolExecutor.java:635)
at java.base/java.lang.Thread.run(Thread.java:833)
... Removed 13 stack frames]]>
    </failure>
  </testcase> <!-- @BeforeTest openBrowser -->
  <testcase classname="testNGClass.SearchButton" name="@BeforeTest openBrowser" time="-1.680672783717E9">
    <skipped/>
  </testcase> <!-- @BeforeTest openBrowser -->
  <testcase classname="testNGClass.SearchButton" name="@BeforeClass before" time="-1.680672783763E9">
    <skipped/>
  </testcase> <!-- @BeforeClass before -->
  <testcase classname="testNGClass.Message" name="@BeforeClass before" time="-1.680672783767E9">
    <skipped/>
  </testcase> <!-- @BeforeClass before -->
  <testcase classname="testNGClass.Message" name="@BeforeMethod method" time="-1.680672783793E9">
    <skipped/>
  </testcase> <!-- @BeforeMethod method -->
  <testcase classname="testNGClass.SearchButton" name="@BeforeMethod method" time="-1.680672783793E9">
    <skipped/>
  </testcase> <!-- @BeforeMethod method -->
  <testcase classname="testNGClass.Message" name="@AfterMethod aftermethod" time="-1.680672783802E9">
    <skipped/>
  </testcase> <!-- @AfterMethod aftermethod -->
  <testcase classname="testNGClass.SearchButton" name="@AfterMethod aftermethod" time="-1.680672783804E9">
    <skipped/>
  </testcase> <!-- @AfterMethod aftermethod -->
  <testcase classname="testNGClass.Message" name="@AfterClass afterclass" time="-1.680672783807E9">
    <skipped/>
  </testcase> <!-- @AfterClass afterclass -->
  <testcase classname="testNGClass.SearchButton" name="@AfterClass afterclass" time="-1.680672783807E9">
    <skipped/>
  </testcase> <!-- @AfterClass afterclass -->
  <testcase classname="testNGClass.Message" name="@AfterTest closeBrowser" time="-1.680672783812E9">
    <skipped/>
  </testcase> <!-- @AfterTest closeBrowser -->
  <testcase classname="testNGClass.SearchButton" name="@AfterTest closeBrowser" time="-1.680672783814E9">
    <skipped/>
  </testcase> <!-- @AfterTest closeBrowser -->
  <testcase classname="testNGClass.Message" name="verifyThemessageButton" time="0.0">
    <skipped/>
  </testcase> <!-- verifyThemessageButton -->
  <testcase classname="testNGClass.SearchButton" name="verifyTheSearchButton" time="0.0">
    <skipped/>
  </testcase> <!-- verifyTheSearchButton -->
</testsuite> <!-- ChromeTest -->
